<?xml version="1.0" encoding="UTF-8"?>
<!-- Generated by org.testng.reporters.JUnitReportReporter -->
<testsuite hostname="pni6p2034" name="com.test.testClass1" tests="2" failures="0" timestamp="14 Apr 2019 02:57:50 GMT" time="0.009" errors="0">
  <testcase name="test2" time="0.000" classname="com.test.testClass1"/>
  <testcase name="test1" time="0.009" classname="com.test.testClass1"/>
</testsuite> <!-- com.test.testClass1 -->
